2017-10-12 8:37:43 - MOD: Modification Default

FILE: system/engine/action.php
REGEX: ~(require|include)(_once)?\(([^)]+)~
LINE: 41

FILE: system/engine/loader.php
REGEX: ~(require|include)(_once)?\(([^)]+)~
LINE: 49
LINE: 108
LINE: 120
LINE: 165

FILE: system/library/config.php
REGEX: ~(require|include)(_once)?\(([^)]+)~
LINE: 23

FILE: system/library/language.php
REGEX: ~(require|include)(_once)?\(([^)]+)~
LINE: 38
LINE: 40
LINE: 49
LINE: 51
LINE: 60
LINE: 62

FILE: system/library/template/php.php
REGEX: ~(require|include)(_once)?\(([^)]+)~
LINE: 18

FILE: system/library/template/tiwg.php
REGEX: ~(require|include)(_once)?\(([^)]+)~
LINE: 24
----------------------------------------------------------------
MOD: fondy_payment

FILE: catalog/controller/checkout/checkout.php
CODE: public function index() {
LINE: 11

FILE: catalog/view/theme/default/template/checkout/checkout.tpl
CODE: <h1><?php echo $heading_title; ?></h1>
LINE: 26
----------------------------------------------------------------
MOD: OcStore 2.3.x track number

FILE: admin/controller/sale/order.php
CODE: $data['shipping_method'] = $order_info['shipping_method'];
LINE: 567
LINE: 942
CODE: public function history() {
LINE: 1545

FILE: admin/model/sale/order.php
CODE: $order_query->row['order_id'],
LINE: 96

FILE: catalog/model/checkout/order.php
CODE: $order_query->row['order_id'],
LINE: 170

FILE: admin/view/template/sale/order_info.tpl
CODE: <td><?php echo $text_reward; ?></td>
LINE: 100
CODE: <?php echo $footer; ?>
LINE: 700

FILE: catalog/model/account/order.php
CODE: $order_query->row['order_id'],
LINE: 46

FILE: catalog/controller/account/order.php
CODE: if ($order_info['invoice_no']) {
LINE: 210

FILE: catalog/view/theme/default/template/account/order_info.tpl
CODE: <b><?php echo $text_shipping_method; ?></b> <?php echo $shipping_method; ?>
LINE: 49
----------------------------------------------------------------
MOD: NewsBlog - create unlimited categories with articles

FILE: admin/controller/common/column_left.php
CODE: // Catalog
LINE: 72

FILE: admin/language/ru-ru/common/column_left.php
CODE: $_['text_catalog']
LINE: 9

FILE: admin/language/en-gb/common/column_left.php
CODE: $_['text_catalog']
LINE: 9

FILE: catalog/controller/common/column_left.php
CODE: if ($route == 'information/information' && isset($this->request->get['information_id'])) {
LINE: 42

FILE: catalog/controller/common/column_right.php
CODE: if ($route == 'information/information' && isset($this->request->get['information_id'])) {
LINE: 42

FILE: catalog/controller/common/content_bottom.php
CODE: if ($route == 'information/information' && isset($this->request->get['information_id'])) {
LINE: 42

FILE: catalog/controller/common/content_top.php
CODE: if ($route == 'information/information' && isset($this->request->get['information_id'])) {
LINE: 57

FILE: catalog/controller/startup/seo_url.php
CODE: if ($url[0] == 'information_id') {
LINE: 52
CODE: $url[0] != 'information_id'
LINE: 56
CODE: } elseif (isset($this->request->get['information_id'])) {
LINE: 79
CODE: ($data['route'] == 'information/information' && $key == 'information_id')
LINE: 97
CODE: } elseif ($key == 'path') {
LINE: 123

FILE: catalog/controller/startup/seo_pro.php
CODE: if ($url[0] == 'category_id') {
LINE: 74
CODE: if (isset($this->request->get['product_id'])) {
LINE: 99
CODE: case 'product/product':
LINE: 164
CODE: case 'product_id':
LINE: 229
CODE: private function getPathByProduct($product_id) {
LINE: 357

FILE: catalog/controller/information/sitemap.php
CODE: $this->load->model('catalog/information');
LINE: 118

FILE: catalog/view/theme/default/template/information/sitemap.tpl
CODE: <li><?php echo $text_information; ?>
LINE: 69

FILE: catalog/controller/common/header.php
CODE: $data['language'] = $this->load->controller('common/language');
LINE: 325
----------------------------------------------------------------
2017-10-12 8:42:34 - MOD: Modification Default

FILE: system/engine/action.php
REGEX: ~(require|include)(_once)?\(([^)]+)~
LINE: 41

FILE: system/engine/loader.php
REGEX: ~(require|include)(_once)?\(([^)]+)~
LINE: 49
LINE: 108
LINE: 120
LINE: 165

FILE: system/library/config.php
REGEX: ~(require|include)(_once)?\(([^)]+)~
LINE: 23

FILE: system/library/language.php
REGEX: ~(require|include)(_once)?\(([^)]+)~
LINE: 38
LINE: 40
LINE: 49
LINE: 51
LINE: 60
LINE: 62

FILE: system/library/template/php.php
REGEX: ~(require|include)(_once)?\(([^)]+)~
LINE: 18

FILE: system/library/template/tiwg.php
REGEX: ~(require|include)(_once)?\(([^)]+)~
LINE: 24
----------------------------------------------------------------
MOD: fondy_payment

FILE: catalog/controller/checkout/checkout.php
CODE: public function index() {
LINE: 11

FILE: catalog/view/theme/default/template/checkout/checkout.tpl
CODE: <h1><?php echo $heading_title; ?></h1>
LINE: 26
----------------------------------------------------------------
MOD: OcStore 2.3.x track number

FILE: admin/controller/sale/order.php
CODE: $data['shipping_method'] = $order_info['shipping_method'];
LINE: 567
LINE: 942
CODE: public function history() {
LINE: 1545

FILE: admin/model/sale/order.php
CODE: $order_query->row['order_id'],
LINE: 96

FILE: catalog/model/checkout/order.php
CODE: $order_query->row['order_id'],
LINE: 170

FILE: admin/view/template/sale/order_info.tpl
CODE: <td><?php echo $text_reward; ?></td>
LINE: 100
CODE: <?php echo $footer; ?>
LINE: 700

FILE: catalog/model/account/order.php
CODE: $order_query->row['order_id'],
LINE: 46

FILE: catalog/controller/account/order.php
CODE: if ($order_info['invoice_no']) {
LINE: 210

FILE: catalog/view/theme/default/template/account/order_info.tpl
CODE: <b><?php echo $text_shipping_method; ?></b> <?php echo $shipping_method; ?>
LINE: 49
----------------------------------------------------------------
MOD: NewsBlog - create unlimited categories with articles

FILE: admin/controller/common/column_left.php
CODE: // Catalog
LINE: 72

FILE: admin/language/ru-ru/common/column_left.php
CODE: $_['text_catalog']
LINE: 9

FILE: admin/language/en-gb/common/column_left.php
CODE: $_['text_catalog']
LINE: 9

FILE: catalog/controller/common/column_left.php
CODE: if ($route == 'information/information' && isset($this->request->get['information_id'])) {
LINE: 42

FILE: catalog/controller/common/column_right.php
CODE: if ($route == 'information/information' && isset($this->request->get['information_id'])) {
LINE: 42

FILE: catalog/controller/common/content_bottom.php
CODE: if ($route == 'information/information' && isset($this->request->get['information_id'])) {
LINE: 42

FILE: catalog/controller/common/content_top.php
CODE: if ($route == 'information/information' && isset($this->request->get['information_id'])) {
LINE: 57

FILE: catalog/controller/startup/seo_url.php
CODE: if ($url[0] == 'information_id') {
LINE: 52
CODE: $url[0] != 'information_id'
LINE: 56
CODE: } elseif (isset($this->request->get['information_id'])) {
LINE: 79
CODE: ($data['route'] == 'information/information' && $key == 'information_id')
LINE: 97
CODE: } elseif ($key == 'path') {
LINE: 123

FILE: catalog/controller/startup/seo_pro.php
CODE: if ($url[0] == 'category_id') {
LINE: 74
CODE: if (isset($this->request->get['product_id'])) {
LINE: 99
CODE: case 'product/product':
LINE: 164
CODE: case 'product_id':
LINE: 229
CODE: private function getPathByProduct($product_id) {
LINE: 357

FILE: catalog/controller/information/sitemap.php
CODE: $this->load->model('catalog/information');
LINE: 118

FILE: catalog/view/theme/default/template/information/sitemap.tpl
CODE: <li><?php echo $text_information; ?>
LINE: 69

FILE: catalog/controller/common/header.php
CODE: $data['language'] = $this->load->controller('common/language');
LINE: 325
----------------------------------------------------------------
2017-10-12 8:43:51 - MOD: Modification Default

FILE: system/engine/action.php
REGEX: ~(require|include)(_once)?\(([^)]+)~
LINE: 41

FILE: system/engine/loader.php
REGEX: ~(require|include)(_once)?\(([^)]+)~
LINE: 49
LINE: 108
LINE: 120
LINE: 165

FILE: system/library/config.php
REGEX: ~(require|include)(_once)?\(([^)]+)~
LINE: 23

FILE: system/library/language.php
REGEX: ~(require|include)(_once)?\(([^)]+)~
LINE: 38
LINE: 40
LINE: 49
LINE: 51
LINE: 60
LINE: 62

FILE: system/library/template/php.php
REGEX: ~(require|include)(_once)?\(([^)]+)~
LINE: 18

FILE: system/library/template/tiwg.php
REGEX: ~(require|include)(_once)?\(([^)]+)~
LINE: 24
----------------------------------------------------------------
MOD: fondy_payment

FILE: catalog/controller/checkout/checkout.php
CODE: public function index() {
LINE: 11

FILE: catalog/view/theme/default/template/checkout/checkout.tpl
CODE: <h1><?php echo $heading_title; ?></h1>
LINE: 26
----------------------------------------------------------------
MOD: OcStore 2.3.x track number

FILE: admin/controller/sale/order.php
CODE: $data['shipping_method'] = $order_info['shipping_method'];
LINE: 567
LINE: 942
CODE: public function history() {
LINE: 1545

FILE: admin/model/sale/order.php
CODE: $order_query->row['order_id'],
LINE: 96

FILE: catalog/model/checkout/order.php
CODE: $order_query->row['order_id'],
LINE: 170

FILE: admin/view/template/sale/order_info.tpl
CODE: <td><?php echo $text_reward; ?></td>
LINE: 100
CODE: <?php echo $footer; ?>
LINE: 700

FILE: catalog/model/account/order.php
CODE: $order_query->row['order_id'],
LINE: 46

FILE: catalog/controller/account/order.php
CODE: if ($order_info['invoice_no']) {
LINE: 210

FILE: catalog/view/theme/default/template/account/order_info.tpl
CODE: <b><?php echo $text_shipping_method; ?></b> <?php echo $shipping_method; ?>
LINE: 49
----------------------------------------------------------------
MOD: NewsBlog - create unlimited categories with articles

FILE: admin/controller/common/column_left.php
CODE: // Catalog
LINE: 72

FILE: admin/language/ru-ru/common/column_left.php
CODE: $_['text_catalog']
LINE: 9

FILE: admin/language/en-gb/common/column_left.php
CODE: $_['text_catalog']
LINE: 9

FILE: catalog/controller/common/column_left.php
CODE: if ($route == 'information/information' && isset($this->request->get['information_id'])) {
LINE: 42

FILE: catalog/controller/common/column_right.php
CODE: if ($route == 'information/information' && isset($this->request->get['information_id'])) {
LINE: 42

FILE: catalog/controller/common/content_bottom.php
CODE: if ($route == 'information/information' && isset($this->request->get['information_id'])) {
LINE: 42

FILE: catalog/controller/common/content_top.php
CODE: if ($route == 'information/information' && isset($this->request->get['information_id'])) {
LINE: 57

FILE: catalog/controller/startup/seo_url.php
CODE: if ($url[0] == 'information_id') {
LINE: 52
CODE: $url[0] != 'information_id'
LINE: 56
CODE: } elseif (isset($this->request->get['information_id'])) {
LINE: 79
CODE: ($data['route'] == 'information/information' && $key == 'information_id')
LINE: 97
CODE: } elseif ($key == 'path') {
LINE: 123

FILE: catalog/controller/startup/seo_pro.php
CODE: if ($url[0] == 'category_id') {
LINE: 74
CODE: if (isset($this->request->get['product_id'])) {
LINE: 99
CODE: case 'product/product':
LINE: 164
CODE: case 'product_id':
LINE: 229
CODE: private function getPathByProduct($product_id) {
LINE: 357

FILE: catalog/controller/information/sitemap.php
CODE: $this->load->model('catalog/information');
LINE: 118

FILE: catalog/view/theme/default/template/information/sitemap.tpl
CODE: <li><?php echo $text_information; ?>
LINE: 69

FILE: catalog/controller/common/header.php
CODE: $data['language'] = $this->load->controller('common/language');
LINE: 325
----------------------------------------------------------------
2017-10-12 8:52:56 - MOD: Modification Default

FILE: system/engine/action.php
REGEX: ~(require|include)(_once)?\(([^)]+)~
LINE: 41

FILE: system/engine/loader.php
REGEX: ~(require|include)(_once)?\(([^)]+)~
LINE: 49
LINE: 108
LINE: 120
LINE: 165

FILE: system/library/config.php
REGEX: ~(require|include)(_once)?\(([^)]+)~
LINE: 23

FILE: system/library/language.php
REGEX: ~(require|include)(_once)?\(([^)]+)~
LINE: 38
LINE: 40
LINE: 49
LINE: 51
LINE: 60
LINE: 62

FILE: system/library/template/php.php
REGEX: ~(require|include)(_once)?\(([^)]+)~
LINE: 18

FILE: system/library/template/tiwg.php
REGEX: ~(require|include)(_once)?\(([^)]+)~
LINE: 24
----------------------------------------------------------------
MOD: fondy_payment

FILE: catalog/controller/checkout/checkout.php
CODE: public function index() {
LINE: 11

FILE: catalog/view/theme/default/template/checkout/checkout.tpl
CODE: <h1><?php echo $heading_title; ?></h1>
LINE: 26
----------------------------------------------------------------
MOD: OcStore 2.3.x track number

FILE: admin/controller/sale/order.php
CODE: $data['shipping_method'] = $order_info['shipping_method'];
LINE: 567
LINE: 942
CODE: public function history() {
LINE: 1545

FILE: admin/model/sale/order.php
CODE: $order_query->row['order_id'],
LINE: 96

FILE: catalog/model/checkout/order.php
CODE: $order_query->row['order_id'],
LINE: 170

FILE: admin/view/template/sale/order_info.tpl
CODE: <td><?php echo $text_reward; ?></td>
LINE: 100
CODE: <?php echo $footer; ?>
LINE: 700

FILE: catalog/model/account/order.php
CODE: $order_query->row['order_id'],
LINE: 46

FILE: catalog/controller/account/order.php
CODE: if ($order_info['invoice_no']) {
LINE: 210

FILE: catalog/view/theme/default/template/account/order_info.tpl
CODE: <b><?php echo $text_shipping_method; ?></b> <?php echo $shipping_method; ?>
LINE: 49
----------------------------------------------------------------
MOD: NewsBlog - create unlimited categories with articles

FILE: admin/controller/common/column_left.php
CODE: // Catalog
LINE: 72

FILE: admin/language/ru-ru/common/column_left.php
CODE: $_['text_catalog']
LINE: 9

FILE: admin/language/en-gb/common/column_left.php
CODE: $_['text_catalog']
LINE: 9

FILE: catalog/controller/common/column_left.php
CODE: if ($route == 'information/information' && isset($this->request->get['information_id'])) {
LINE: 42

FILE: catalog/controller/common/column_right.php
CODE: if ($route == 'information/information' && isset($this->request->get['information_id'])) {
LINE: 42

FILE: catalog/controller/common/content_bottom.php
CODE: if ($route == 'information/information' && isset($this->request->get['information_id'])) {
LINE: 42

FILE: catalog/controller/common/content_top.php
CODE: if ($route == 'information/information' && isset($this->request->get['information_id'])) {
LINE: 57

FILE: catalog/controller/startup/seo_url.php
CODE: if ($url[0] == 'information_id') {
LINE: 52
CODE: $url[0] != 'information_id'
LINE: 56
CODE: } elseif (isset($this->request->get['information_id'])) {
LINE: 79
CODE: ($data['route'] == 'information/information' && $key == 'information_id')
LINE: 97
CODE: } elseif ($key == 'path') {
LINE: 123

FILE: catalog/controller/startup/seo_pro.php
CODE: if ($url[0] == 'category_id') {
LINE: 74
CODE: if (isset($this->request->get['product_id'])) {
LINE: 99
CODE: case 'product/product':
LINE: 164
CODE: case 'product_id':
LINE: 229
CODE: private function getPathByProduct($product_id) {
LINE: 357

FILE: catalog/controller/information/sitemap.php
CODE: $this->load->model('catalog/information');
LINE: 118

FILE: catalog/view/theme/default/template/information/sitemap.tpl
CODE: <li><?php echo $text_information; ?>
LINE: 69

FILE: catalog/controller/common/header.php
CODE: $data['language'] = $this->load->controller('common/language');
LINE: 325
----------------------------------------------------------------
2017-10-12 8:53:33 - MOD: Modification Default

FILE: system/engine/action.php
REGEX: ~(require|include)(_once)?\(([^)]+)~
LINE: 41

FILE: system/engine/loader.php
REGEX: ~(require|include)(_once)?\(([^)]+)~
LINE: 49
LINE: 108
LINE: 120
LINE: 165

FILE: system/library/config.php
REGEX: ~(require|include)(_once)?\(([^)]+)~
LINE: 23

FILE: system/library/language.php
REGEX: ~(require|include)(_once)?\(([^)]+)~
LINE: 38
LINE: 40
LINE: 49
LINE: 51
LINE: 60
LINE: 62

FILE: system/library/template/php.php
REGEX: ~(require|include)(_once)?\(([^)]+)~
LINE: 18

FILE: system/library/template/tiwg.php
REGEX: ~(require|include)(_once)?\(([^)]+)~
LINE: 24
----------------------------------------------------------------
MOD: fondy_payment

FILE: catalog/controller/checkout/checkout.php
CODE: public function index() {
LINE: 11

FILE: catalog/view/theme/default/template/checkout/checkout.tpl
CODE: <h1><?php echo $heading_title; ?></h1>
LINE: 26
----------------------------------------------------------------
MOD: OcStore 2.3.x track number

FILE: admin/controller/sale/order.php
CODE: $data['shipping_method'] = $order_info['shipping_method'];
LINE: 567
LINE: 942
CODE: public function history() {
LINE: 1545

FILE: admin/model/sale/order.php
CODE: $order_query->row['order_id'],
LINE: 96

FILE: catalog/model/checkout/order.php
CODE: $order_query->row['order_id'],
LINE: 170

FILE: admin/view/template/sale/order_info.tpl
CODE: <td><?php echo $text_reward; ?></td>
LINE: 100
CODE: <?php echo $footer; ?>
LINE: 700

FILE: catalog/model/account/order.php
CODE: $order_query->row['order_id'],
LINE: 46

FILE: catalog/controller/account/order.php
CODE: if ($order_info['invoice_no']) {
LINE: 210

FILE: catalog/view/theme/default/template/account/order_info.tpl
CODE: <b><?php echo $text_shipping_method; ?></b> <?php echo $shipping_method; ?>
LINE: 49
----------------------------------------------------------------
MOD: NewsBlog - create unlimited categories with articles

FILE: admin/controller/common/column_left.php
CODE: // Catalog
LINE: 72

FILE: admin/language/ru-ru/common/column_left.php
CODE: $_['text_catalog']
LINE: 9

FILE: admin/language/en-gb/common/column_left.php
CODE: $_['text_catalog']
LINE: 9

FILE: catalog/controller/common/column_left.php
CODE: if ($route == 'information/information' && isset($this->request->get['information_id'])) {
LINE: 42

FILE: catalog/controller/common/column_right.php
CODE: if ($route == 'information/information' && isset($this->request->get['information_id'])) {
LINE: 42

FILE: catalog/controller/common/content_bottom.php
CODE: if ($route == 'information/information' && isset($this->request->get['information_id'])) {
LINE: 42

FILE: catalog/controller/common/content_top.php
CODE: if ($route == 'information/information' && isset($this->request->get['information_id'])) {
LINE: 57

FILE: catalog/controller/startup/seo_url.php
CODE: if ($url[0] == 'information_id') {
LINE: 52
CODE: $url[0] != 'information_id'
LINE: 56
CODE: } elseif (isset($this->request->get['information_id'])) {
LINE: 79
CODE: ($data['route'] == 'information/information' && $key == 'information_id')
LINE: 97
CODE: } elseif ($key == 'path') {
LINE: 123

FILE: catalog/controller/startup/seo_pro.php
CODE: if ($url[0] == 'category_id') {
LINE: 74
CODE: if (isset($this->request->get['product_id'])) {
LINE: 99
CODE: case 'product/product':
LINE: 164
CODE: case 'product_id':
LINE: 229
CODE: private function getPathByProduct($product_id) {
LINE: 357

FILE: catalog/controller/information/sitemap.php
CODE: $this->load->model('catalog/information');
LINE: 118

FILE: catalog/view/theme/default/template/information/sitemap.tpl
CODE: <li><?php echo $text_information; ?>
LINE: 69

FILE: catalog/controller/common/header.php
CODE: $data['language'] = $this->load->controller('common/language');
LINE: 325
----------------------------------------------------------------
2017-10-12 8:54:23 - MOD: Modification Default

FILE: system/engine/action.php
REGEX: ~(require|include)(_once)?\(([^)]+)~
LINE: 41

FILE: system/engine/loader.php
REGEX: ~(require|include)(_once)?\(([^)]+)~
LINE: 49
LINE: 108
LINE: 120
LINE: 165

FILE: system/library/config.php
REGEX: ~(require|include)(_once)?\(([^)]+)~
LINE: 23

FILE: system/library/language.php
REGEX: ~(require|include)(_once)?\(([^)]+)~
LINE: 38
LINE: 40
LINE: 49
LINE: 51
LINE: 60
LINE: 62

FILE: system/library/template/php.php
REGEX: ~(require|include)(_once)?\(([^)]+)~
LINE: 18

FILE: system/library/template/tiwg.php
REGEX: ~(require|include)(_once)?\(([^)]+)~
LINE: 24
----------------------------------------------------------------
MOD: fondy_payment

FILE: catalog/controller/checkout/checkout.php
CODE: public function index() {
LINE: 11

FILE: catalog/view/theme/default/template/checkout/checkout.tpl
CODE: <h1><?php echo $heading_title; ?></h1>
LINE: 26
----------------------------------------------------------------
MOD: OcStore 2.3.x track number

FILE: admin/controller/sale/order.php
CODE: $data['shipping_method'] = $order_info['shipping_method'];
LINE: 567
LINE: 942
CODE: public function history() {
LINE: 1545

FILE: admin/model/sale/order.php
CODE: $order_query->row['order_id'],
LINE: 96

FILE: catalog/model/checkout/order.php
CODE: $order_query->row['order_id'],
LINE: 170

FILE: admin/view/template/sale/order_info.tpl
CODE: <td><?php echo $text_reward; ?></td>
LINE: 100
CODE: <?php echo $footer; ?>
LINE: 700

FILE: catalog/model/account/order.php
CODE: $order_query->row['order_id'],
LINE: 46

FILE: catalog/controller/account/order.php
CODE: if ($order_info['invoice_no']) {
LINE: 210

FILE: catalog/view/theme/default/template/account/order_info.tpl
CODE: <b><?php echo $text_shipping_method; ?></b> <?php echo $shipping_method; ?>
LINE: 49
----------------------------------------------------------------
MOD: NewsBlog - create unlimited categories with articles

FILE: admin/controller/common/column_left.php
CODE: // Catalog
LINE: 72

FILE: admin/language/ru-ru/common/column_left.php
CODE: $_['text_catalog']
LINE: 9

FILE: admin/language/en-gb/common/column_left.php
CODE: $_['text_catalog']
LINE: 9

FILE: catalog/controller/common/column_left.php
CODE: if ($route == 'information/information' && isset($this->request->get['information_id'])) {
LINE: 42

FILE: catalog/controller/common/column_right.php
CODE: if ($route == 'information/information' && isset($this->request->get['information_id'])) {
LINE: 42

FILE: catalog/controller/common/content_bottom.php
CODE: if ($route == 'information/information' && isset($this->request->get['information_id'])) {
LINE: 42

FILE: catalog/controller/common/content_top.php
CODE: if ($route == 'information/information' && isset($this->request->get['information_id'])) {
LINE: 57

FILE: catalog/controller/startup/seo_url.php
CODE: if ($url[0] == 'information_id') {
LINE: 52
CODE: $url[0] != 'information_id'
LINE: 56
CODE: } elseif (isset($this->request->get['information_id'])) {
LINE: 79
CODE: ($data['route'] == 'information/information' && $key == 'information_id')
LINE: 97
CODE: } elseif ($key == 'path') {
LINE: 123

FILE: catalog/controller/startup/seo_pro.php
CODE: if ($url[0] == 'category_id') {
LINE: 74
CODE: if (isset($this->request->get['product_id'])) {
LINE: 99
CODE: case 'product/product':
LINE: 164
CODE: case 'product_id':
LINE: 229
CODE: private function getPathByProduct($product_id) {
LINE: 357

FILE: catalog/controller/information/sitemap.php
CODE: $this->load->model('catalog/information');
LINE: 118

FILE: catalog/view/theme/default/template/information/sitemap.tpl
CODE: <li><?php echo $text_information; ?>
LINE: 69

FILE: catalog/controller/common/header.php
CODE: $data['language'] = $this->load->controller('common/language');
LINE: 325
----------------------------------------------------------------
2017-10-12 8:58:08 - MOD: Modification Default

FILE: system/engine/action.php
REGEX: ~(require|include)(_once)?\(([^)]+)~
LINE: 41

FILE: system/engine/loader.php
REGEX: ~(require|include)(_once)?\(([^)]+)~
LINE: 49
LINE: 108
LINE: 120
LINE: 165

FILE: system/library/config.php
REGEX: ~(require|include)(_once)?\(([^)]+)~
LINE: 23

FILE: system/library/language.php
REGEX: ~(require|include)(_once)?\(([^)]+)~
LINE: 38
LINE: 40
LINE: 49
LINE: 51
LINE: 60
LINE: 62

FILE: system/library/template/php.php
REGEX: ~(require|include)(_once)?\(([^)]+)~
LINE: 18

FILE: system/library/template/tiwg.php
REGEX: ~(require|include)(_once)?\(([^)]+)~
LINE: 24
----------------------------------------------------------------
MOD: fondy_payment

FILE: catalog/controller/checkout/checkout.php
CODE: public function index() {
LINE: 11

FILE: catalog/view/theme/default/template/checkout/checkout.tpl
CODE: <h1><?php echo $heading_title; ?></h1>
LINE: 26
----------------------------------------------------------------
MOD: OcStore 2.3.x track number

FILE: admin/controller/sale/order.php
CODE: $data['shipping_method'] = $order_info['shipping_method'];
LINE: 567
LINE: 942
CODE: public function history() {
LINE: 1545

FILE: admin/model/sale/order.php
CODE: $order_query->row['order_id'],
LINE: 96

FILE: catalog/model/checkout/order.php
CODE: $order_query->row['order_id'],
LINE: 170

FILE: admin/view/template/sale/order_info.tpl
CODE: <td><?php echo $text_reward; ?></td>
LINE: 100
CODE: <?php echo $footer; ?>
LINE: 700

FILE: catalog/model/account/order.php
CODE: $order_query->row['order_id'],
LINE: 46

FILE: catalog/controller/account/order.php
CODE: if ($order_info['invoice_no']) {
LINE: 210

FILE: catalog/view/theme/default/template/account/order_info.tpl
CODE: <b><?php echo $text_shipping_method; ?></b> <?php echo $shipping_method; ?>
LINE: 49
----------------------------------------------------------------
MOD: NewsBlog - create unlimited categories with articles

FILE: admin/controller/common/column_left.php
CODE: // Catalog
LINE: 72

FILE: admin/language/ru-ru/common/column_left.php
CODE: $_['text_catalog']
LINE: 9

FILE: admin/language/en-gb/common/column_left.php
CODE: $_['text_catalog']
LINE: 9

FILE: catalog/controller/common/column_left.php
CODE: if ($route == 'information/information' && isset($this->request->get['information_id'])) {
LINE: 42

FILE: catalog/controller/common/column_right.php
CODE: if ($route == 'information/information' && isset($this->request->get['information_id'])) {
LINE: 42

FILE: catalog/controller/common/content_bottom.php
CODE: if ($route == 'information/information' && isset($this->request->get['information_id'])) {
LINE: 42

FILE: catalog/controller/common/content_top.php
CODE: if ($route == 'information/information' && isset($this->request->get['information_id'])) {
LINE: 57

FILE: catalog/controller/startup/seo_url.php
CODE: if ($url[0] == 'information_id') {
LINE: 52
CODE: $url[0] != 'information_id'
LINE: 56
CODE: } elseif (isset($this->request->get['information_id'])) {
LINE: 79
CODE: ($data['route'] == 'information/information' && $key == 'information_id')
LINE: 97
CODE: } elseif ($key == 'path') {
LINE: 123

FILE: catalog/controller/startup/seo_pro.php
CODE: if ($url[0] == 'category_id') {
LINE: 74
CODE: if (isset($this->request->get['product_id'])) {
LINE: 99
CODE: case 'product/product':
LINE: 164
CODE: case 'product_id':
LINE: 229
CODE: private function getPathByProduct($product_id) {
LINE: 357

FILE: catalog/controller/information/sitemap.php
CODE: $this->load->model('catalog/information');
LINE: 118

FILE: catalog/view/theme/default/template/information/sitemap.tpl
CODE: <li><?php echo $text_information; ?>
LINE: 69

FILE: catalog/controller/common/header.php
CODE: $data['language'] = $this->load->controller('common/language');
LINE: 325
----------------------------------------------------------------
2017-10-12 9:00:19 - MOD: Modification Default

FILE: system/engine/action.php
REGEX: ~(require|include)(_once)?\(([^)]+)~
LINE: 41

FILE: system/engine/loader.php
REGEX: ~(require|include)(_once)?\(([^)]+)~
LINE: 49
LINE: 108
LINE: 120
LINE: 165

FILE: system/library/config.php
REGEX: ~(require|include)(_once)?\(([^)]+)~
LINE: 23

FILE: system/library/language.php
REGEX: ~(require|include)(_once)?\(([^)]+)~
LINE: 38
LINE: 40
LINE: 49
LINE: 51
LINE: 60
LINE: 62

FILE: system/library/template/php.php
REGEX: ~(require|include)(_once)?\(([^)]+)~
LINE: 18

FILE: system/library/template/tiwg.php
REGEX: ~(require|include)(_once)?\(([^)]+)~
LINE: 24
----------------------------------------------------------------
MOD: fondy_payment

FILE: catalog/controller/checkout/checkout.php
CODE: public function index() {
LINE: 11

FILE: catalog/view/theme/default/template/checkout/checkout.tpl
CODE: <h1><?php echo $heading_title; ?></h1>
LINE: 26
----------------------------------------------------------------
MOD: OcStore 2.3.x track number

FILE: admin/controller/sale/order.php
CODE: $data['shipping_method'] = $order_info['shipping_method'];
LINE: 567
LINE: 942
CODE: public function history() {
LINE: 1545

FILE: admin/model/sale/order.php
CODE: $order_query->row['order_id'],
LINE: 96

FILE: catalog/model/checkout/order.php
CODE: $order_query->row['order_id'],
LINE: 170

FILE: admin/view/template/sale/order_info.tpl
CODE: <td><?php echo $text_reward; ?></td>
LINE: 100
CODE: <?php echo $footer; ?>
LINE: 700

FILE: catalog/model/account/order.php
CODE: $order_query->row['order_id'],
LINE: 46

FILE: catalog/controller/account/order.php
CODE: if ($order_info['invoice_no']) {
LINE: 210

FILE: catalog/view/theme/default/template/account/order_info.tpl
CODE: <b><?php echo $text_shipping_method; ?></b> <?php echo $shipping_method; ?>
LINE: 49
----------------------------------------------------------------
MOD: NewsBlog - create unlimited categories with articles

FILE: admin/controller/common/column_left.php
CODE: // Catalog
LINE: 72

FILE: admin/language/ru-ru/common/column_left.php
CODE: $_['text_catalog']
LINE: 9

FILE: admin/language/en-gb/common/column_left.php
CODE: $_['text_catalog']
LINE: 9

FILE: catalog/controller/common/column_left.php
CODE: if ($route == 'information/information' && isset($this->request->get['information_id'])) {
LINE: 42

FILE: catalog/controller/common/column_right.php
CODE: if ($route == 'information/information' && isset($this->request->get['information_id'])) {
LINE: 42

FILE: catalog/controller/common/content_bottom.php
CODE: if ($route == 'information/information' && isset($this->request->get['information_id'])) {
LINE: 42

FILE: catalog/controller/common/content_top.php
CODE: if ($route == 'information/information' && isset($this->request->get['information_id'])) {
LINE: 57

FILE: catalog/controller/startup/seo_url.php
CODE: if ($url[0] == 'information_id') {
LINE: 52
CODE: $url[0] != 'information_id'
LINE: 56
CODE: } elseif (isset($this->request->get['information_id'])) {
LINE: 79
CODE: ($data['route'] == 'information/information' && $key == 'information_id')
LINE: 97
CODE: } elseif ($key == 'path') {
LINE: 123

FILE: catalog/controller/startup/seo_pro.php
CODE: if ($url[0] == 'category_id') {
LINE: 74
CODE: if (isset($this->request->get['product_id'])) {
LINE: 99
CODE: case 'product/product':
LINE: 164
CODE: case 'product_id':
LINE: 229
CODE: private function getPathByProduct($product_id) {
LINE: 357

FILE: catalog/controller/information/sitemap.php
CODE: $this->load->model('catalog/information');
LINE: 118

FILE: catalog/view/theme/default/template/information/sitemap.tpl
CODE: <li><?php echo $text_information; ?>
LINE: 69

FILE: catalog/controller/common/header.php
CODE: $data['language'] = $this->load->controller('common/language');
LINE: 325
----------------------------------------------------------------
2017-10-12 9:00:37 - MOD: Modification Default

FILE: system/engine/action.php
REGEX: ~(require|include)(_once)?\(([^)]+)~
LINE: 41

FILE: system/engine/loader.php
REGEX: ~(require|include)(_once)?\(([^)]+)~
LINE: 49
LINE: 108
LINE: 120
LINE: 165

FILE: system/library/config.php
REGEX: ~(require|include)(_once)?\(([^)]+)~
LINE: 23

FILE: system/library/language.php
REGEX: ~(require|include)(_once)?\(([^)]+)~
LINE: 38
LINE: 40
LINE: 49
LINE: 51
LINE: 60
LINE: 62

FILE: system/library/template/php.php
REGEX: ~(require|include)(_once)?\(([^)]+)~
LINE: 18

FILE: system/library/template/tiwg.php
REGEX: ~(require|include)(_once)?\(([^)]+)~
LINE: 24
----------------------------------------------------------------
MOD: fondy_payment

FILE: catalog/controller/checkout/checkout.php
CODE: public function index() {
LINE: 11

FILE: catalog/view/theme/default/template/checkout/checkout.tpl
CODE: <h1><?php echo $heading_title; ?></h1>
LINE: 26
----------------------------------------------------------------
MOD: OcStore 2.3.x track number

FILE: admin/controller/sale/order.php
CODE: $data['shipping_method'] = $order_info['shipping_method'];
LINE: 567
LINE: 942
CODE: public function history() {
LINE: 1545

FILE: admin/model/sale/order.php
CODE: $order_query->row['order_id'],
LINE: 96

FILE: catalog/model/checkout/order.php
CODE: $order_query->row['order_id'],
LINE: 170

FILE: admin/view/template/sale/order_info.tpl
CODE: <td><?php echo $text_reward; ?></td>
LINE: 100
CODE: <?php echo $footer; ?>
LINE: 700

FILE: catalog/model/account/order.php
CODE: $order_query->row['order_id'],
LINE: 46

FILE: catalog/controller/account/order.php
CODE: if ($order_info['invoice_no']) {
LINE: 210

FILE: catalog/view/theme/default/template/account/order_info.tpl
CODE: <b><?php echo $text_shipping_method; ?></b> <?php echo $shipping_method; ?>
LINE: 49
----------------------------------------------------------------
MOD: NewsBlog - create unlimited categories with articles

FILE: admin/controller/common/column_left.php
CODE: // Catalog
LINE: 72

FILE: admin/language/ru-ru/common/column_left.php
CODE: $_['text_catalog']
LINE: 9

FILE: admin/language/en-gb/common/column_left.php
CODE: $_['text_catalog']
LINE: 9

FILE: catalog/controller/common/column_left.php
CODE: if ($route == 'information/information' && isset($this->request->get['information_id'])) {
LINE: 42

FILE: catalog/controller/common/column_right.php
CODE: if ($route == 'information/information' && isset($this->request->get['information_id'])) {
LINE: 42

FILE: catalog/controller/common/content_bottom.php
CODE: if ($route == 'information/information' && isset($this->request->get['information_id'])) {
LINE: 42

FILE: catalog/controller/common/content_top.php
CODE: if ($route == 'information/information' && isset($this->request->get['information_id'])) {
LINE: 57

FILE: catalog/controller/startup/seo_url.php
CODE: if ($url[0] == 'information_id') {
LINE: 52
CODE: $url[0] != 'information_id'
LINE: 56
CODE: } elseif (isset($this->request->get['information_id'])) {
LINE: 79
CODE: ($data['route'] == 'information/information' && $key == 'information_id')
LINE: 97
CODE: } elseif ($key == 'path') {
LINE: 123

FILE: catalog/controller/startup/seo_pro.php
CODE: if ($url[0] == 'category_id') {
LINE: 74
CODE: if (isset($this->request->get['product_id'])) {
LINE: 99
CODE: case 'product/product':
LINE: 164
CODE: case 'product_id':
LINE: 229
CODE: private function getPathByProduct($product_id) {
LINE: 357

FILE: catalog/controller/information/sitemap.php
CODE: $this->load->model('catalog/information');
LINE: 118

FILE: catalog/view/theme/default/template/information/sitemap.tpl
CODE: <li><?php echo $text_information; ?>
LINE: 69

FILE: catalog/controller/common/header.php
CODE: $data['language'] = $this->load->controller('common/language');
LINE: 325
----------------------------------------------------------------
2017-10-12 9:01:16 - MOD: Modification Default

FILE: system/engine/action.php
REGEX: ~(require|include)(_once)?\(([^)]+)~
LINE: 41

FILE: system/engine/loader.php
REGEX: ~(require|include)(_once)?\(([^)]+)~
LINE: 49
LINE: 108
LINE: 120
LINE: 165

FILE: system/library/config.php
REGEX: ~(require|include)(_once)?\(([^)]+)~
LINE: 23

FILE: system/library/language.php
REGEX: ~(require|include)(_once)?\(([^)]+)~
LINE: 38
LINE: 40
LINE: 49
LINE: 51
LINE: 60
LINE: 62

FILE: system/library/template/php.php
REGEX: ~(require|include)(_once)?\(([^)]+)~
LINE: 18

FILE: system/library/template/tiwg.php
REGEX: ~(require|include)(_once)?\(([^)]+)~
LINE: 24
----------------------------------------------------------------
MOD: fondy_payment

FILE: catalog/controller/checkout/checkout.php
CODE: public function index() {
LINE: 11

FILE: catalog/view/theme/default/template/checkout/checkout.tpl
CODE: <h1><?php echo $heading_title; ?></h1>
LINE: 26
----------------------------------------------------------------
MOD: OcStore 2.3.x track number

FILE: admin/controller/sale/order.php
CODE: $data['shipping_method'] = $order_info['shipping_method'];
LINE: 567
LINE: 942
CODE: public function history() {
LINE: 1545

FILE: admin/model/sale/order.php
CODE: $order_query->row['order_id'],
LINE: 96

FILE: catalog/model/checkout/order.php
CODE: $order_query->row['order_id'],
LINE: 170

FILE: admin/view/template/sale/order_info.tpl
CODE: <td><?php echo $text_reward; ?></td>
LINE: 100
CODE: <?php echo $footer; ?>
LINE: 700

FILE: catalog/model/account/order.php
CODE: $order_query->row['order_id'],
LINE: 46

FILE: catalog/controller/account/order.php
CODE: if ($order_info['invoice_no']) {
LINE: 210

FILE: catalog/view/theme/default/template/account/order_info.tpl
CODE: <b><?php echo $text_shipping_method; ?></b> <?php echo $shipping_method; ?>
LINE: 49
----------------------------------------------------------------
MOD: NewsBlog - create unlimited categories with articles

FILE: admin/controller/common/column_left.php
CODE: // Catalog
LINE: 72

FILE: admin/language/ru-ru/common/column_left.php
CODE: $_['text_catalog']
LINE: 9

FILE: admin/language/en-gb/common/column_left.php
CODE: $_['text_catalog']
LINE: 9

FILE: catalog/controller/common/column_left.php
CODE: if ($route == 'information/information' && isset($this->request->get['information_id'])) {
LINE: 42

FILE: catalog/controller/common/column_right.php
CODE: if ($route == 'information/information' && isset($this->request->get['information_id'])) {
LINE: 42

FILE: catalog/controller/common/content_bottom.php
CODE: if ($route == 'information/information' && isset($this->request->get['information_id'])) {
LINE: 42

FILE: catalog/controller/common/content_top.php
CODE: if ($route == 'information/information' && isset($this->request->get['information_id'])) {
LINE: 57

FILE: catalog/controller/startup/seo_url.php
CODE: if ($url[0] == 'information_id') {
LINE: 52
CODE: $url[0] != 'information_id'
LINE: 56
CODE: } elseif (isset($this->request->get['information_id'])) {
LINE: 79
CODE: ($data['route'] == 'information/information' && $key == 'information_id')
LINE: 97
CODE: } elseif ($key == 'path') {
LINE: 123

FILE: catalog/controller/startup/seo_pro.php
CODE: if ($url[0] == 'category_id') {
LINE: 74
CODE: if (isset($this->request->get['product_id'])) {
LINE: 99
CODE: case 'product/product':
LINE: 164
CODE: case 'product_id':
LINE: 229
CODE: private function getPathByProduct($product_id) {
LINE: 357

FILE: catalog/controller/information/sitemap.php
CODE: $this->load->model('catalog/information');
LINE: 118

FILE: catalog/view/theme/default/template/information/sitemap.tpl
CODE: <li><?php echo $text_information; ?>
LINE: 69

FILE: catalog/controller/common/header.php
CODE: $data['language'] = $this->load->controller('common/language');
LINE: 325
----------------------------------------------------------------
2017-10-12 9:03:51 - MOD: Modification Default

FILE: system/engine/action.php
REGEX: ~(require|include)(_once)?\(([^)]+)~
LINE: 41

FILE: system/engine/loader.php
REGEX: ~(require|include)(_once)?\(([^)]+)~
LINE: 49
LINE: 108
LINE: 120
LINE: 165

FILE: system/library/config.php
REGEX: ~(require|include)(_once)?\(([^)]+)~
LINE: 23

FILE: system/library/language.php
REGEX: ~(require|include)(_once)?\(([^)]+)~
LINE: 38
LINE: 40
LINE: 49
LINE: 51
LINE: 60
LINE: 62

FILE: system/library/template/php.php
REGEX: ~(require|include)(_once)?\(([^)]+)~
LINE: 18

FILE: system/library/template/tiwg.php
REGEX: ~(require|include)(_once)?\(([^)]+)~
LINE: 24
----------------------------------------------------------------
MOD: fondy_payment

FILE: catalog/controller/checkout/checkout.php
CODE: public function index() {
LINE: 11

FILE: catalog/view/theme/default/template/checkout/checkout.tpl
CODE: <h1><?php echo $heading_title; ?></h1>
LINE: 26
----------------------------------------------------------------
MOD: OcStore 2.3.x track number

FILE: admin/controller/sale/order.php
CODE: $data['shipping_method'] = $order_info['shipping_method'];
LINE: 567
LINE: 942
CODE: public function history() {
LINE: 1545

FILE: admin/model/sale/order.php
CODE: $order_query->row['order_id'],
LINE: 96

FILE: catalog/model/checkout/order.php
CODE: $order_query->row['order_id'],
LINE: 170

FILE: admin/view/template/sale/order_info.tpl
CODE: <td><?php echo $text_reward; ?></td>
LINE: 100
CODE: <?php echo $footer; ?>
LINE: 700

FILE: catalog/model/account/order.php
CODE: $order_query->row['order_id'],
LINE: 46

FILE: catalog/controller/account/order.php
CODE: if ($order_info['invoice_no']) {
LINE: 210

FILE: catalog/view/theme/default/template/account/order_info.tpl
CODE: <b><?php echo $text_shipping_method; ?></b> <?php echo $shipping_method; ?>
LINE: 49
----------------------------------------------------------------
MOD: NewsBlog - create unlimited categories with articles

FILE: admin/controller/common/column_left.php
CODE: // Catalog
LINE: 72

FILE: admin/language/ru-ru/common/column_left.php
CODE: $_['text_catalog']
LINE: 9

FILE: admin/language/en-gb/common/column_left.php
CODE: $_['text_catalog']
LINE: 9

FILE: catalog/controller/common/column_left.php
CODE: if ($route == 'information/information' && isset($this->request->get['information_id'])) {
LINE: 42

FILE: catalog/controller/common/column_right.php
CODE: if ($route == 'information/information' && isset($this->request->get['information_id'])) {
LINE: 42

FILE: catalog/controller/common/content_bottom.php
CODE: if ($route == 'information/information' && isset($this->request->get['information_id'])) {
LINE: 42

FILE: catalog/controller/common/content_top.php
CODE: if ($route == 'information/information' && isset($this->request->get['information_id'])) {
LINE: 57

FILE: catalog/controller/startup/seo_url.php
CODE: if ($url[0] == 'information_id') {
LINE: 52
CODE: $url[0] != 'information_id'
LINE: 56
CODE: } elseif (isset($this->request->get['information_id'])) {
LINE: 79
CODE: ($data['route'] == 'information/information' && $key == 'information_id')
LINE: 97
CODE: } elseif ($key == 'path') {
LINE: 123

FILE: catalog/controller/startup/seo_pro.php
CODE: if ($url[0] == 'category_id') {
LINE: 74
CODE: if (isset($this->request->get['product_id'])) {
LINE: 99
CODE: case 'product/product':
LINE: 164
CODE: case 'product_id':
LINE: 229
CODE: private function getPathByProduct($product_id) {
LINE: 357

FILE: catalog/controller/information/sitemap.php
CODE: $this->load->model('catalog/information');
LINE: 118

FILE: catalog/view/theme/default/template/information/sitemap.tpl
CODE: <li><?php echo $text_information; ?>
LINE: 69

FILE: catalog/controller/common/header.php
CODE: $data['language'] = $this->load->controller('common/language');
LINE: 325
----------------------------------------------------------------
2017-10-12 9:04:28 - MOD: Modification Default

FILE: system/engine/action.php
REGEX: ~(require|include)(_once)?\(([^)]+)~
LINE: 41

FILE: system/engine/loader.php
REGEX: ~(require|include)(_once)?\(([^)]+)~
LINE: 49
LINE: 108
LINE: 120
LINE: 165

FILE: system/library/config.php
REGEX: ~(require|include)(_once)?\(([^)]+)~
LINE: 23

FILE: system/library/language.php
REGEX: ~(require|include)(_once)?\(([^)]+)~
LINE: 38
LINE: 40
LINE: 49
LINE: 51
LINE: 60
LINE: 62

FILE: system/library/template/php.php
REGEX: ~(require|include)(_once)?\(([^)]+)~
LINE: 18

FILE: system/library/template/tiwg.php
REGEX: ~(require|include)(_once)?\(([^)]+)~
LINE: 24
----------------------------------------------------------------
MOD: fondy_payment

FILE: catalog/controller/checkout/checkout.php
CODE: public function index() {
LINE: 11

FILE: catalog/view/theme/default/template/checkout/checkout.tpl
CODE: <h1><?php echo $heading_title; ?></h1>
LINE: 26
----------------------------------------------------------------
MOD: OcStore 2.3.x track number

FILE: admin/controller/sale/order.php
CODE: $data['shipping_method'] = $order_info['shipping_method'];
LINE: 567
LINE: 942
CODE: public function history() {
LINE: 1545

FILE: admin/model/sale/order.php
CODE: $order_query->row['order_id'],
LINE: 96

FILE: catalog/model/checkout/order.php
CODE: $order_query->row['order_id'],
LINE: 170

FILE: admin/view/template/sale/order_info.tpl
CODE: <td><?php echo $text_reward; ?></td>
LINE: 100
CODE: <?php echo $footer; ?>
LINE: 700

FILE: catalog/model/account/order.php
CODE: $order_query->row['order_id'],
LINE: 46

FILE: catalog/controller/account/order.php
CODE: if ($order_info['invoice_no']) {
LINE: 210

FILE: catalog/view/theme/default/template/account/order_info.tpl
CODE: <b><?php echo $text_shipping_method; ?></b> <?php echo $shipping_method; ?>
LINE: 49
----------------------------------------------------------------
MOD: NewsBlog - create unlimited categories with articles

FILE: admin/controller/common/column_left.php
CODE: // Catalog
LINE: 72

FILE: admin/language/ru-ru/common/column_left.php
CODE: $_['text_catalog']
LINE: 9

FILE: admin/language/en-gb/common/column_left.php
CODE: $_['text_catalog']
LINE: 9

FILE: catalog/controller/common/column_left.php
CODE: if ($route == 'information/information' && isset($this->request->get['information_id'])) {
LINE: 42

FILE: catalog/controller/common/column_right.php
CODE: if ($route == 'information/information' && isset($this->request->get['information_id'])) {
LINE: 42

FILE: catalog/controller/common/content_bottom.php
CODE: if ($route == 'information/information' && isset($this->request->get['information_id'])) {
LINE: 42

FILE: catalog/controller/common/content_top.php
CODE: if ($route == 'information/information' && isset($this->request->get['information_id'])) {
LINE: 57

FILE: catalog/controller/startup/seo_url.php
CODE: if ($url[0] == 'information_id') {
LINE: 52
CODE: $url[0] != 'information_id'
LINE: 56
CODE: } elseif (isset($this->request->get['information_id'])) {
LINE: 79
CODE: ($data['route'] == 'information/information' && $key == 'information_id')
LINE: 97
CODE: } elseif ($key == 'path') {
LINE: 123

FILE: catalog/controller/startup/seo_pro.php
CODE: if ($url[0] == 'category_id') {
LINE: 74
CODE: if (isset($this->request->get['product_id'])) {
LINE: 99
CODE: case 'product/product':
LINE: 164
CODE: case 'product_id':
LINE: 229
CODE: private function getPathByProduct($product_id) {
LINE: 357

FILE: catalog/controller/information/sitemap.php
CODE: $this->load->model('catalog/information');
LINE: 118

FILE: catalog/view/theme/default/template/information/sitemap.tpl
CODE: <li><?php echo $text_information; ?>
LINE: 69

FILE: catalog/controller/common/header.php
CODE: $data['language'] = $this->load->controller('common/language');
LINE: 325
----------------------------------------------------------------
2017-10-12 9:05:28 - MOD: Modification Default

FILE: system/engine/action.php
REGEX: ~(require|include)(_once)?\(([^)]+)~
LINE: 41

FILE: system/engine/loader.php
REGEX: ~(require|include)(_once)?\(([^)]+)~
LINE: 49
LINE: 108
LINE: 120
LINE: 165

FILE: system/library/config.php
REGEX: ~(require|include)(_once)?\(([^)]+)~
LINE: 23

FILE: system/library/language.php
REGEX: ~(require|include)(_once)?\(([^)]+)~
LINE: 38
LINE: 40
LINE: 49
LINE: 51
LINE: 60
LINE: 62

FILE: system/library/template/php.php
REGEX: ~(require|include)(_once)?\(([^)]+)~
LINE: 18

FILE: system/library/template/tiwg.php
REGEX: ~(require|include)(_once)?\(([^)]+)~
LINE: 24
----------------------------------------------------------------
MOD: fondy_payment

FILE: catalog/controller/checkout/checkout.php
CODE: public function index() {
LINE: 11

FILE: catalog/view/theme/default/template/checkout/checkout.tpl
CODE: <h1><?php echo $heading_title; ?></h1>
LINE: 26
----------------------------------------------------------------
MOD: OcStore 2.3.x track number

FILE: admin/controller/sale/order.php
CODE: $data['shipping_method'] = $order_info['shipping_method'];
LINE: 567
LINE: 942
CODE: public function history() {
LINE: 1545

FILE: admin/model/sale/order.php
CODE: $order_query->row['order_id'],
LINE: 96

FILE: catalog/model/checkout/order.php
CODE: $order_query->row['order_id'],
LINE: 170

FILE: admin/view/template/sale/order_info.tpl
CODE: <td><?php echo $text_reward; ?></td>
LINE: 100
CODE: <?php echo $footer; ?>
LINE: 700

FILE: catalog/model/account/order.php
CODE: $order_query->row['order_id'],
LINE: 46

FILE: catalog/controller/account/order.php
CODE: if ($order_info['invoice_no']) {
LINE: 210

FILE: catalog/view/theme/default/template/account/order_info.tpl
CODE: <b><?php echo $text_shipping_method; ?></b> <?php echo $shipping_method; ?>
LINE: 49
----------------------------------------------------------------
MOD: NewsBlog - create unlimited categories with articles

FILE: admin/controller/common/column_left.php
CODE: // Catalog
LINE: 72

FILE: admin/language/ru-ru/common/column_left.php
CODE: $_['text_catalog']
LINE: 9

FILE: admin/language/en-gb/common/column_left.php
CODE: $_['text_catalog']
LINE: 9

FILE: catalog/controller/common/column_left.php
CODE: if ($route == 'information/information' && isset($this->request->get['information_id'])) {
LINE: 42

FILE: catalog/controller/common/column_right.php
CODE: if ($route == 'information/information' && isset($this->request->get['information_id'])) {
LINE: 42

FILE: catalog/controller/common/content_bottom.php
CODE: if ($route == 'information/information' && isset($this->request->get['information_id'])) {
LINE: 42

FILE: catalog/controller/common/content_top.php
CODE: if ($route == 'information/information' && isset($this->request->get['information_id'])) {
LINE: 57

FILE: catalog/controller/startup/seo_url.php
CODE: if ($url[0] == 'information_id') {
LINE: 52
CODE: $url[0] != 'information_id'
LINE: 56
CODE: } elseif (isset($this->request->get['information_id'])) {
LINE: 79
CODE: ($data['route'] == 'information/information' && $key == 'information_id')
LINE: 97
CODE: } elseif ($key == 'path') {
LINE: 123

FILE: catalog/controller/startup/seo_pro.php
CODE: if ($url[0] == 'category_id') {
LINE: 74
CODE: if (isset($this->request->get['product_id'])) {
LINE: 99
CODE: case 'product/product':
LINE: 164
CODE: case 'product_id':
LINE: 229
CODE: private function getPathByProduct($product_id) {
LINE: 357

FILE: catalog/controller/information/sitemap.php
CODE: $this->load->model('catalog/information');
LINE: 118

FILE: catalog/view/theme/default/template/information/sitemap.tpl
CODE: <li><?php echo $text_information; ?>
LINE: 69

FILE: catalog/controller/common/header.php
CODE: $data['language'] = $this->load->controller('common/language');
LINE: 325
----------------------------------------------------------------
2017-10-12 9:06:03 - MOD: Modification Default

FILE: system/engine/action.php
REGEX: ~(require|include)(_once)?\(([^)]+)~
LINE: 41

FILE: system/engine/loader.php
REGEX: ~(require|include)(_once)?\(([^)]+)~
LINE: 49
LINE: 108
LINE: 120
LINE: 165

FILE: system/library/config.php
REGEX: ~(require|include)(_once)?\(([^)]+)~
LINE: 23

FILE: system/library/language.php
REGEX: ~(require|include)(_once)?\(([^)]+)~
LINE: 38
LINE: 40
LINE: 49
LINE: 51
LINE: 60
LINE: 62

FILE: system/library/template/php.php
REGEX: ~(require|include)(_once)?\(([^)]+)~
LINE: 18

FILE: system/library/template/tiwg.php
REGEX: ~(require|include)(_once)?\(([^)]+)~
LINE: 24
----------------------------------------------------------------
MOD: fondy_payment

FILE: catalog/controller/checkout/checkout.php
CODE: public function index() {
LINE: 11

FILE: catalog/view/theme/default/template/checkout/checkout.tpl
CODE: <h1><?php echo $heading_title; ?></h1>
LINE: 26
----------------------------------------------------------------
MOD: OcStore 2.3.x track number

FILE: admin/controller/sale/order.php
CODE: $data['shipping_method'] = $order_info['shipping_method'];
LINE: 567
LINE: 942
CODE: public function history() {
LINE: 1545

FILE: admin/model/sale/order.php
CODE: $order_query->row['order_id'],
LINE: 96

FILE: catalog/model/checkout/order.php
CODE: $order_query->row['order_id'],
LINE: 170

FILE: admin/view/template/sale/order_info.tpl
CODE: <td><?php echo $text_reward; ?></td>
LINE: 100
CODE: <?php echo $footer; ?>
LINE: 700

FILE: catalog/model/account/order.php
CODE: $order_query->row['order_id'],
LINE: 46

FILE: catalog/controller/account/order.php
CODE: if ($order_info['invoice_no']) {
LINE: 210

FILE: catalog/view/theme/default/template/account/order_info.tpl
CODE: <b><?php echo $text_shipping_method; ?></b> <?php echo $shipping_method; ?>
LINE: 49
----------------------------------------------------------------
MOD: NewsBlog - create unlimited categories with articles

FILE: admin/controller/common/column_left.php
CODE: // Catalog
LINE: 72

FILE: admin/language/ru-ru/common/column_left.php
CODE: $_['text_catalog']
LINE: 9

FILE: admin/language/en-gb/common/column_left.php
CODE: $_['text_catalog']
LINE: 9

FILE: catalog/controller/common/column_left.php
CODE: if ($route == 'information/information' && isset($this->request->get['information_id'])) {
LINE: 42

FILE: catalog/controller/common/column_right.php
CODE: if ($route == 'information/information' && isset($this->request->get['information_id'])) {
LINE: 42

FILE: catalog/controller/common/content_bottom.php
CODE: if ($route == 'information/information' && isset($this->request->get['information_id'])) {
LINE: 42

FILE: catalog/controller/common/content_top.php
CODE: if ($route == 'information/information' && isset($this->request->get['information_id'])) {
LINE: 57

FILE: catalog/controller/startup/seo_url.php
CODE: if ($url[0] == 'information_id') {
LINE: 52
CODE: $url[0] != 'information_id'
LINE: 56
CODE: } elseif (isset($this->request->get['information_id'])) {
LINE: 79
CODE: ($data['route'] == 'information/information' && $key == 'information_id')
LINE: 97
CODE: } elseif ($key == 'path') {
LINE: 123

FILE: catalog/controller/startup/seo_pro.php
CODE: if ($url[0] == 'category_id') {
LINE: 74
CODE: if (isset($this->request->get['product_id'])) {
LINE: 99
CODE: case 'product/product':
LINE: 164
CODE: case 'product_id':
LINE: 229
CODE: private function getPathByProduct($product_id) {
LINE: 357

FILE: catalog/controller/information/sitemap.php
CODE: $this->load->model('catalog/information');
LINE: 118

FILE: catalog/view/theme/default/template/information/sitemap.tpl
CODE: <li><?php echo $text_information; ?>
LINE: 69

FILE: catalog/controller/common/header.php
CODE: $data['language'] = $this->load->controller('common/language');
LINE: 325
----------------------------------------------------------------
2017-10-12 10:31:52 - MOD: Modification Default

FILE: system/engine/action.php
REGEX: ~(require|include)(_once)?\(([^)]+)~
LINE: 41

FILE: system/engine/loader.php
REGEX: ~(require|include)(_once)?\(([^)]+)~
LINE: 49
LINE: 108
LINE: 120
LINE: 165

FILE: system/library/config.php
REGEX: ~(require|include)(_once)?\(([^)]+)~
LINE: 23

FILE: system/library/language.php
REGEX: ~(require|include)(_once)?\(([^)]+)~
LINE: 38
LINE: 40
LINE: 49
LINE: 51
LINE: 60
LINE: 62

FILE: system/library/template/php.php
REGEX: ~(require|include)(_once)?\(([^)]+)~
LINE: 18

FILE: system/library/template/tiwg.php
REGEX: ~(require|include)(_once)?\(([^)]+)~
LINE: 24
----------------------------------------------------------------
MOD: fondy_payment

FILE: catalog/controller/checkout/checkout.php
CODE: public function index() {
LINE: 11

FILE: catalog/view/theme/default/template/checkout/checkout.tpl
CODE: <h1><?php echo $heading_title; ?></h1>
LINE: 26
----------------------------------------------------------------
MOD: OcStore 2.3.x track number

FILE: admin/controller/sale/order.php
CODE: $data['shipping_method'] = $order_info['shipping_method'];
LINE: 567
LINE: 942
CODE: public function history() {
LINE: 1545

FILE: admin/model/sale/order.php
CODE: $order_query->row['order_id'],
LINE: 96

FILE: catalog/model/checkout/order.php
CODE: $order_query->row['order_id'],
LINE: 170

FILE: admin/view/template/sale/order_info.tpl
CODE: <td><?php echo $text_reward; ?></td>
LINE: 100
CODE: <?php echo $footer; ?>
LINE: 700

FILE: catalog/model/account/order.php
CODE: $order_query->row['order_id'],
LINE: 46

FILE: catalog/controller/account/order.php
CODE: if ($order_info['invoice_no']) {
LINE: 210

FILE: catalog/view/theme/default/template/account/order_info.tpl
CODE: <b><?php echo $text_shipping_method; ?></b> <?php echo $shipping_method; ?>
LINE: 49
----------------------------------------------------------------
MOD: NewsBlog - create unlimited categories with articles

FILE: admin/controller/common/column_left.php
CODE: // Catalog
LINE: 72

FILE: admin/language/ru-ru/common/column_left.php
CODE: $_['text_catalog']
LINE: 9

FILE: admin/language/en-gb/common/column_left.php
CODE: $_['text_catalog']
LINE: 9

FILE: catalog/controller/common/column_left.php
CODE: if ($route == 'information/information' && isset($this->request->get['information_id'])) {
LINE: 42

FILE: catalog/controller/common/column_right.php
CODE: if ($route == 'information/information' && isset($this->request->get['information_id'])) {
LINE: 42

FILE: catalog/controller/common/content_bottom.php
CODE: if ($route == 'information/information' && isset($this->request->get['information_id'])) {
LINE: 42

FILE: catalog/controller/common/content_top.php
CODE: if ($route == 'information/information' && isset($this->request->get['information_id'])) {
LINE: 57

FILE: catalog/controller/startup/seo_url.php
CODE: if ($url[0] == 'information_id') {
LINE: 52
CODE: $url[0] != 'information_id'
LINE: 56
CODE: } elseif (isset($this->request->get['information_id'])) {
LINE: 79
CODE: ($data['route'] == 'information/information' && $key == 'information_id')
LINE: 97
CODE: } elseif ($key == 'path') {
LINE: 123

FILE: catalog/controller/startup/seo_pro.php
CODE: if ($url[0] == 'category_id') {
LINE: 74
CODE: if (isset($this->request->get['product_id'])) {
LINE: 99
CODE: case 'product/product':
LINE: 164
CODE: case 'product_id':
LINE: 229
CODE: private function getPathByProduct($product_id) {
LINE: 357

FILE: catalog/controller/information/sitemap.php
CODE: $this->load->model('catalog/information');
LINE: 118

FILE: catalog/view/theme/default/template/information/sitemap.tpl
CODE: <li><?php echo $text_information; ?>
LINE: 69

FILE: catalog/controller/common/header.php
CODE: $data['language'] = $this->load->controller('common/language');
LINE: 325
----------------------------------------------------------------
2017-10-13 9:53:19 - MOD: Modification Default

FILE: system/engine/action.php
REGEX: ~(require|include)(_once)?\(([^)]+)~
LINE: 41

FILE: system/engine/loader.php
REGEX: ~(require|include)(_once)?\(([^)]+)~
LINE: 49
LINE: 108
LINE: 120
LINE: 165

FILE: system/library/config.php
REGEX: ~(require|include)(_once)?\(([^)]+)~
LINE: 23

FILE: system/library/language.php
REGEX: ~(require|include)(_once)?\(([^)]+)~
LINE: 38
LINE: 40
LINE: 49
LINE: 51
LINE: 60
LINE: 62

FILE: system/library/template/php.php
REGEX: ~(require|include)(_once)?\(([^)]+)~
LINE: 18

FILE: system/library/template/tiwg.php
REGEX: ~(require|include)(_once)?\(([^)]+)~
LINE: 24
----------------------------------------------------------------
MOD: fondy_payment

FILE: catalog/controller/checkout/checkout.php
CODE: public function index() {
LINE: 11

FILE: catalog/view/theme/default/template/checkout/checkout.tpl
CODE: <h1><?php echo $heading_title; ?></h1>
LINE: 26
----------------------------------------------------------------
MOD: OcStore 2.3.x track number

FILE: admin/controller/sale/order.php
CODE: $data['shipping_method'] = $order_info['shipping_method'];
LINE: 567
LINE: 942
CODE: public function history() {
LINE: 1545

FILE: admin/model/sale/order.php
CODE: $order_query->row['order_id'],
LINE: 96

FILE: catalog/model/checkout/order.php
CODE: $order_query->row['order_id'],
LINE: 170

FILE: admin/view/template/sale/order_info.tpl
CODE: <td><?php echo $text_reward; ?></td>
LINE: 100
CODE: <?php echo $footer; ?>
LINE: 700

FILE: catalog/model/account/order.php
CODE: $order_query->row['order_id'],
LINE: 46

FILE: catalog/controller/account/order.php
CODE: if ($order_info['invoice_no']) {
LINE: 210

FILE: catalog/view/theme/default/template/account/order_info.tpl
CODE: <b><?php echo $text_shipping_method; ?></b> <?php echo $shipping_method; ?>
LINE: 49
----------------------------------------------------------------
MOD: NewsBlog - create unlimited categories with articles

FILE: admin/controller/common/column_left.php
CODE: // Catalog
LINE: 72

FILE: admin/language/ru-ru/common/column_left.php
CODE: $_['text_catalog']
LINE: 9

FILE: admin/language/en-gb/common/column_left.php
CODE: $_['text_catalog']
LINE: 9

FILE: catalog/controller/common/column_left.php
CODE: if ($route == 'information/information' && isset($this->request->get['information_id'])) {
LINE: 42

FILE: catalog/controller/common/column_right.php
CODE: if ($route == 'information/information' && isset($this->request->get['information_id'])) {
LINE: 42

FILE: catalog/controller/common/content_bottom.php
CODE: if ($route == 'information/information' && isset($this->request->get['information_id'])) {
LINE: 42

FILE: catalog/controller/common/content_top.php
CODE: if ($route == 'information/information' && isset($this->request->get['information_id'])) {
LINE: 57

FILE: catalog/controller/startup/seo_url.php
CODE: if ($url[0] == 'information_id') {
LINE: 52
CODE: $url[0] != 'information_id'
LINE: 56
CODE: } elseif (isset($this->request->get['information_id'])) {
LINE: 79
CODE: ($data['route'] == 'information/information' && $key == 'information_id')
LINE: 97
CODE: } elseif ($key == 'path') {
LINE: 123

FILE: catalog/controller/startup/seo_pro.php
CODE: if ($url[0] == 'category_id') {
LINE: 74
CODE: if (isset($this->request->get['product_id'])) {
LINE: 99
CODE: case 'product/product':
LINE: 164
CODE: case 'product_id':
LINE: 229
CODE: private function getPathByProduct($product_id) {
LINE: 357

FILE: catalog/controller/information/sitemap.php
CODE: $this->load->model('catalog/information');
LINE: 118

FILE: catalog/view/theme/default/template/information/sitemap.tpl
CODE: <li><?php echo $text_information; ?>
LINE: 69

FILE: catalog/controller/common/header.php
CODE: $data['language'] = $this->load->controller('common/language');
LINE: 325
----------------------------------------------------------------
2017-10-13 10:18:29 - MOD: Modification Default

FILE: system/engine/action.php
REGEX: ~(require|include)(_once)?\(([^)]+)~
LINE: 41

FILE: system/engine/loader.php
REGEX: ~(require|include)(_once)?\(([^)]+)~
LINE: 49
LINE: 108
LINE: 120
LINE: 165

FILE: system/library/config.php
REGEX: ~(require|include)(_once)?\(([^)]+)~
LINE: 23

FILE: system/library/language.php
REGEX: ~(require|include)(_once)?\(([^)]+)~
LINE: 38
LINE: 40
LINE: 49
LINE: 51
LINE: 60
LINE: 62

FILE: system/library/template/php.php
REGEX: ~(require|include)(_once)?\(([^)]+)~
LINE: 18

FILE: system/library/template/tiwg.php
REGEX: ~(require|include)(_once)?\(([^)]+)~
LINE: 24
----------------------------------------------------------------
MOD: fondy_payment

FILE: catalog/controller/checkout/checkout.php
CODE: public function index() {
LINE: 11

FILE: catalog/view/theme/default/template/checkout/checkout.tpl
CODE: <h1><?php echo $heading_title; ?></h1>
LINE: 26
----------------------------------------------------------------
MOD: OcStore 2.3.x track number

FILE: admin/controller/sale/order.php
CODE: $data['shipping_method'] = $order_info['shipping_method'];
LINE: 567
LINE: 942
CODE: public function history() {
LINE: 1545

FILE: admin/model/sale/order.php
CODE: $order_query->row['order_id'],
LINE: 96

FILE: catalog/model/checkout/order.php
CODE: $order_query->row['order_id'],
LINE: 170

FILE: admin/view/template/sale/order_info.tpl
CODE: <td><?php echo $text_reward; ?></td>
LINE: 100
CODE: <?php echo $footer; ?>
LINE: 700

FILE: catalog/model/account/order.php
CODE: $order_query->row['order_id'],
LINE: 46

FILE: catalog/controller/account/order.php
CODE: if ($order_info['invoice_no']) {
LINE: 210

FILE: catalog/view/theme/default/template/account/order_info.tpl
CODE: <b><?php echo $text_shipping_method; ?></b> <?php echo $shipping_method; ?>
LINE: 49
----------------------------------------------------------------
MOD: NewsBlog - create unlimited categories with articles

FILE: admin/controller/common/column_left.php
CODE: // Catalog
LINE: 72

FILE: admin/language/ru-ru/common/column_left.php
CODE: $_['text_catalog']
LINE: 9

FILE: admin/language/en-gb/common/column_left.php
CODE: $_['text_catalog']
LINE: 9

FILE: catalog/controller/common/column_left.php
CODE: if ($route == 'information/information' && isset($this->request->get['information_id'])) {
LINE: 42

FILE: catalog/controller/common/column_right.php
CODE: if ($route == 'information/information' && isset($this->request->get['information_id'])) {
LINE: 42

FILE: catalog/controller/common/content_bottom.php
CODE: if ($route == 'information/information' && isset($this->request->get['information_id'])) {
LINE: 42

FILE: catalog/controller/common/content_top.php
CODE: if ($route == 'information/information' && isset($this->request->get['information_id'])) {
LINE: 57

FILE: catalog/controller/startup/seo_url.php
CODE: if ($url[0] == 'information_id') {
LINE: 52
CODE: $url[0] != 'information_id'
LINE: 56
CODE: } elseif (isset($this->request->get['information_id'])) {
LINE: 79
CODE: ($data['route'] == 'information/information' && $key == 'information_id')
LINE: 97
CODE: } elseif ($key == 'path') {
LINE: 123

FILE: catalog/controller/startup/seo_pro.php
CODE: if ($url[0] == 'category_id') {
LINE: 74
CODE: if (isset($this->request->get['product_id'])) {
LINE: 99
CODE: case 'product/product':
LINE: 164
CODE: case 'product_id':
LINE: 229
CODE: private function getPathByProduct($product_id) {
LINE: 357

FILE: catalog/controller/information/sitemap.php
CODE: $this->load->model('catalog/information');
LINE: 118

FILE: catalog/view/theme/default/template/information/sitemap.tpl
CODE: <li><?php echo $text_information; ?>
LINE: 69

FILE: catalog/controller/common/header.php
CODE: $data['language'] = $this->load->controller('common/language');
LINE: 325
----------------------------------------------------------------
2017-10-16 8:29:31 - MOD: Modification Default

FILE: system/engine/action.php
REGEX: ~(require|include)(_once)?\(([^)]+)~
LINE: 41

FILE: system/engine/loader.php
REGEX: ~(require|include)(_once)?\(([^)]+)~
LINE: 49
LINE: 108
LINE: 120
LINE: 165

FILE: system/library/config.php
REGEX: ~(require|include)(_once)?\(([^)]+)~
LINE: 23

FILE: system/library/language.php
REGEX: ~(require|include)(_once)?\(([^)]+)~
LINE: 38
LINE: 40
LINE: 49
LINE: 51
LINE: 60
LINE: 62

FILE: system/library/template/php.php
REGEX: ~(require|include)(_once)?\(([^)]+)~
LINE: 18

FILE: system/library/template/tiwg.php
REGEX: ~(require|include)(_once)?\(([^)]+)~
LINE: 24
----------------------------------------------------------------
MOD: fondy_payment

FILE: catalog/controller/checkout/checkout.php
CODE: public function index() {
LINE: 11

FILE: catalog/view/theme/default/template/checkout/checkout.tpl
CODE: <h1><?php echo $heading_title; ?></h1>
LINE: 26
----------------------------------------------------------------
MOD: OcStore 2.3.x track number

FILE: admin/controller/sale/order.php
CODE: $data['shipping_method'] = $order_info['shipping_method'];
LINE: 567
LINE: 942
CODE: public function history() {
LINE: 1545

FILE: admin/model/sale/order.php
CODE: $order_query->row['order_id'],
LINE: 96

FILE: catalog/model/checkout/order.php
CODE: $order_query->row['order_id'],
LINE: 170

FILE: admin/view/template/sale/order_info.tpl
CODE: <td><?php echo $text_reward; ?></td>
LINE: 100
CODE: <?php echo $footer; ?>
LINE: 700

FILE: catalog/model/account/order.php
CODE: $order_query->row['order_id'],
LINE: 46

FILE: catalog/controller/account/order.php
CODE: if ($order_info['invoice_no']) {
LINE: 210

FILE: catalog/view/theme/default/template/account/order_info.tpl
CODE: <b><?php echo $text_shipping_method; ?></b> <?php echo $shipping_method; ?>
LINE: 49
----------------------------------------------------------------
MOD: NewsBlog - create unlimited categories with articles

FILE: admin/controller/common/column_left.php
CODE: // Catalog
LINE: 72

FILE: admin/language/ru-ru/common/column_left.php
CODE: $_['text_catalog']
LINE: 9

FILE: admin/language/en-gb/common/column_left.php
CODE: $_['text_catalog']
LINE: 9

FILE: catalog/controller/common/column_left.php
CODE: if ($route == 'information/information' && isset($this->request->get['information_id'])) {
LINE: 42

FILE: catalog/controller/common/column_right.php
CODE: if ($route == 'information/information' && isset($this->request->get['information_id'])) {
LINE: 42

FILE: catalog/controller/common/content_bottom.php
CODE: if ($route == 'information/information' && isset($this->request->get['information_id'])) {
LINE: 42

FILE: catalog/controller/common/content_top.php
CODE: if ($route == 'information/information' && isset($this->request->get['information_id'])) {
LINE: 57

FILE: catalog/controller/startup/seo_url.php
CODE: if ($url[0] == 'information_id') {
LINE: 52
CODE: $url[0] != 'information_id'
LINE: 56
CODE: } elseif (isset($this->request->get['information_id'])) {
LINE: 79
CODE: ($data['route'] == 'information/information' && $key == 'information_id')
LINE: 97
CODE: } elseif ($key == 'path') {
LINE: 123

FILE: catalog/controller/startup/seo_pro.php
CODE: if ($url[0] == 'category_id') {
LINE: 74
CODE: if (isset($this->request->get['product_id'])) {
LINE: 99
CODE: case 'product/product':
LINE: 164
CODE: case 'product_id':
LINE: 229
CODE: private function getPathByProduct($product_id) {
LINE: 357

FILE: catalog/controller/information/sitemap.php
CODE: $this->load->model('catalog/information');
LINE: 118

FILE: catalog/view/theme/default/template/information/sitemap.tpl
CODE: <li><?php echo $text_information; ?>
LINE: 69

FILE: catalog/controller/common/header.php
CODE: $data['language'] = $this->load->controller('common/language');
LINE: 325
----------------------------------------------------------------
2017-10-16 8:30:20 - MOD: Modification Default

FILE: system/engine/action.php
REGEX: ~(require|include)(_once)?\(([^)]+)~
LINE: 41

FILE: system/engine/loader.php
REGEX: ~(require|include)(_once)?\(([^)]+)~
LINE: 49
LINE: 108
LINE: 120
LINE: 165

FILE: system/library/config.php
REGEX: ~(require|include)(_once)?\(([^)]+)~
LINE: 23

FILE: system/library/language.php
REGEX: ~(require|include)(_once)?\(([^)]+)~
LINE: 38
LINE: 40
LINE: 49
LINE: 51
LINE: 60
LINE: 62

FILE: system/library/template/php.php
REGEX: ~(require|include)(_once)?\(([^)]+)~
LINE: 18

FILE: system/library/template/tiwg.php
REGEX: ~(require|include)(_once)?\(([^)]+)~
LINE: 24
----------------------------------------------------------------
MOD: fondy_payment

FILE: catalog/controller/checkout/checkout.php
CODE: public function index() {
LINE: 11

FILE: catalog/view/theme/default/template/checkout/checkout.tpl
CODE: <h1><?php echo $heading_title; ?></h1>
LINE: 26
----------------------------------------------------------------
MOD: OcStore 2.3.x track number

FILE: admin/controller/sale/order.php
CODE: $data['shipping_method'] = $order_info['shipping_method'];
LINE: 567
LINE: 942
CODE: public function history() {
LINE: 1545

FILE: admin/model/sale/order.php
CODE: $order_query->row['order_id'],
LINE: 96

FILE: catalog/model/checkout/order.php
CODE: $order_query->row['order_id'],
LINE: 170

FILE: admin/view/template/sale/order_info.tpl
CODE: <td><?php echo $text_reward; ?></td>
LINE: 100
CODE: <?php echo $footer; ?>
LINE: 700

FILE: catalog/model/account/order.php
CODE: $order_query->row['order_id'],
LINE: 46

FILE: catalog/controller/account/order.php
CODE: if ($order_info['invoice_no']) {
LINE: 210

FILE: catalog/view/theme/default/template/account/order_info.tpl
CODE: <b><?php echo $text_shipping_method; ?></b> <?php echo $shipping_method; ?>
LINE: 49
----------------------------------------------------------------
MOD: NewsBlog - create unlimited categories with articles

FILE: admin/controller/common/column_left.php
CODE: // Catalog
LINE: 72

FILE: admin/language/ru-ru/common/column_left.php
CODE: $_['text_catalog']
LINE: 9

FILE: admin/language/en-gb/common/column_left.php
CODE: $_['text_catalog']
LINE: 9

FILE: catalog/controller/common/column_left.php
CODE: if ($route == 'information/information' && isset($this->request->get['information_id'])) {
LINE: 42

FILE: catalog/controller/common/column_right.php
CODE: if ($route == 'information/information' && isset($this->request->get['information_id'])) {
LINE: 42

FILE: catalog/controller/common/content_bottom.php
CODE: if ($route == 'information/information' && isset($this->request->get['information_id'])) {
LINE: 42

FILE: catalog/controller/common/content_top.php
CODE: if ($route == 'information/information' && isset($this->request->get['information_id'])) {
LINE: 57

FILE: catalog/controller/startup/seo_url.php
CODE: if ($url[0] == 'information_id') {
LINE: 52
CODE: $url[0] != 'information_id'
LINE: 56
CODE: } elseif (isset($this->request->get['information_id'])) {
LINE: 79
CODE: ($data['route'] == 'information/information' && $key == 'information_id')
LINE: 97
CODE: } elseif ($key == 'path') {
LINE: 123

FILE: catalog/controller/startup/seo_pro.php
CODE: if ($url[0] == 'category_id') {
LINE: 74
CODE: if (isset($this->request->get['product_id'])) {
LINE: 99
CODE: case 'product/product':
LINE: 164
CODE: case 'product_id':
LINE: 229
CODE: private function getPathByProduct($product_id) {
LINE: 357

FILE: catalog/controller/information/sitemap.php
CODE: $this->load->model('catalog/information');
LINE: 118

FILE: catalog/view/theme/default/template/information/sitemap.tpl
CODE: <li><?php echo $text_information; ?>
LINE: 69

FILE: catalog/controller/common/header.php
CODE: $data['language'] = $this->load->controller('common/language');
LINE: 325
----------------------------------------------------------------
2017-10-16 8:31:11 - MOD: Modification Default

FILE: system/engine/action.php
REGEX: ~(require|include)(_once)?\(([^)]+)~
LINE: 41

FILE: system/engine/loader.php
REGEX: ~(require|include)(_once)?\(([^)]+)~
LINE: 49
LINE: 108
LINE: 120
LINE: 165

FILE: system/library/config.php
REGEX: ~(require|include)(_once)?\(([^)]+)~
LINE: 23

FILE: system/library/language.php
REGEX: ~(require|include)(_once)?\(([^)]+)~
LINE: 38
LINE: 40
LINE: 49
LINE: 51
LINE: 60
LINE: 62

FILE: system/library/template/php.php
REGEX: ~(require|include)(_once)?\(([^)]+)~
LINE: 18

FILE: system/library/template/tiwg.php
REGEX: ~(require|include)(_once)?\(([^)]+)~
LINE: 24
----------------------------------------------------------------
MOD: fondy_payment

FILE: catalog/controller/checkout/checkout.php
CODE: public function index() {
LINE: 11

FILE: catalog/view/theme/default/template/checkout/checkout.tpl
CODE: <h1><?php echo $heading_title; ?></h1>
LINE: 26
----------------------------------------------------------------
MOD: OcStore 2.3.x track number

FILE: admin/controller/sale/order.php
CODE: $data['shipping_method'] = $order_info['shipping_method'];
LINE: 567
LINE: 942
CODE: public function history() {
LINE: 1545

FILE: admin/model/sale/order.php
CODE: $order_query->row['order_id'],
LINE: 96

FILE: catalog/model/checkout/order.php
CODE: $order_query->row['order_id'],
LINE: 170

FILE: admin/view/template/sale/order_info.tpl
CODE: <td><?php echo $text_reward; ?></td>
LINE: 100
CODE: <?php echo $footer; ?>
LINE: 700

FILE: catalog/model/account/order.php
CODE: $order_query->row['order_id'],
LINE: 46

FILE: catalog/controller/account/order.php
CODE: if ($order_info['invoice_no']) {
LINE: 210

FILE: catalog/view/theme/default/template/account/order_info.tpl
CODE: <b><?php echo $text_shipping_method; ?></b> <?php echo $shipping_method; ?>
LINE: 49
----------------------------------------------------------------
MOD: NewsBlog - create unlimited categories with articles

FILE: admin/controller/common/column_left.php
CODE: // Catalog
LINE: 72

FILE: admin/language/ru-ru/common/column_left.php
CODE: $_['text_catalog']
LINE: 9

FILE: admin/language/en-gb/common/column_left.php
CODE: $_['text_catalog']
LINE: 9

FILE: catalog/controller/common/column_left.php
CODE: if ($route == 'information/information' && isset($this->request->get['information_id'])) {
LINE: 42

FILE: catalog/controller/common/column_right.php
CODE: if ($route == 'information/information' && isset($this->request->get['information_id'])) {
LINE: 42

FILE: catalog/controller/common/content_bottom.php
CODE: if ($route == 'information/information' && isset($this->request->get['information_id'])) {
LINE: 42

FILE: catalog/controller/common/content_top.php
CODE: if ($route == 'information/information' && isset($this->request->get['information_id'])) {
LINE: 57

FILE: catalog/controller/startup/seo_url.php
CODE: if ($url[0] == 'information_id') {
LINE: 52
CODE: $url[0] != 'information_id'
LINE: 56
CODE: } elseif (isset($this->request->get['information_id'])) {
LINE: 79
CODE: ($data['route'] == 'information/information' && $key == 'information_id')
LINE: 97
CODE: } elseif ($key == 'path') {
LINE: 123

FILE: catalog/controller/startup/seo_pro.php
CODE: if ($url[0] == 'category_id') {
LINE: 74
CODE: if (isset($this->request->get['product_id'])) {
LINE: 99
CODE: case 'product/product':
LINE: 164
CODE: case 'product_id':
LINE: 229
CODE: private function getPathByProduct($product_id) {
LINE: 357

FILE: catalog/controller/information/sitemap.php
CODE: $this->load->model('catalog/information');
LINE: 118

FILE: catalog/view/theme/default/template/information/sitemap.tpl
CODE: <li><?php echo $text_information; ?>
LINE: 69

FILE: catalog/controller/common/header.php
CODE: $data['language'] = $this->load->controller('common/language');
LINE: 325
----------------------------------------------------------------
2017-11-08 19:26:32 - MOD: Modification Default

FILE: system/engine/action.php
REGEX: ~(require|include)(_once)?\(([^)]+)~
LINE: 41

FILE: system/engine/loader.php
REGEX: ~(require|include)(_once)?\(([^)]+)~
LINE: 49
LINE: 108
LINE: 120
LINE: 165

FILE: system/library/config.php
REGEX: ~(require|include)(_once)?\(([^)]+)~
LINE: 23

FILE: system/library/language.php
REGEX: ~(require|include)(_once)?\(([^)]+)~
LINE: 38
LINE: 40
LINE: 49
LINE: 51
LINE: 60
LINE: 62

FILE: system/library/template/php.php
REGEX: ~(require|include)(_once)?\(([^)]+)~
LINE: 18

FILE: system/library/template/tiwg.php
REGEX: ~(require|include)(_once)?\(([^)]+)~
LINE: 24
----------------------------------------------------------------
MOD: fondy_payment

FILE: catalog/controller/checkout/checkout.php
CODE: public function index() {
LINE: 11

FILE: catalog/view/theme/default/template/checkout/checkout.tpl
CODE: <h1><?php echo $heading_title; ?></h1>
LINE: 26
----------------------------------------------------------------
MOD: OcStore 2.3.x track number

FILE: admin/controller/sale/order.php
CODE: $data['shipping_method'] = $order_info['shipping_method'];
LINE: 567
LINE: 942
CODE: public function history() {
LINE: 1545

FILE: admin/model/sale/order.php
CODE: $order_query->row['order_id'],
LINE: 96

FILE: catalog/model/checkout/order.php
CODE: $order_query->row['order_id'],
LINE: 170

FILE: admin/view/template/sale/order_info.tpl
CODE: <td><?php echo $text_reward; ?></td>
LINE: 100
CODE: <?php echo $footer; ?>
LINE: 700

FILE: catalog/model/account/order.php
CODE: $order_query->row['order_id'],
LINE: 46

FILE: catalog/controller/account/order.php
CODE: if ($order_info['invoice_no']) {
LINE: 210

FILE: catalog/view/theme/default/template/account/order_info.tpl
CODE: <b><?php echo $text_shipping_method; ?></b> <?php echo $shipping_method; ?>
LINE: 49
----------------------------------------------------------------
MOD: NewsBlog - create unlimited categories with articles

FILE: admin/controller/common/column_left.php
CODE: // Catalog
LINE: 72

FILE: admin/language/ru-ru/common/column_left.php
CODE: $_['text_catalog']
LINE: 9

FILE: admin/language/en-gb/common/column_left.php
CODE: $_['text_catalog']
LINE: 9

FILE: catalog/controller/common/column_left.php
CODE: if ($route == 'information/information' && isset($this->request->get['information_id'])) {
LINE: 42

FILE: catalog/controller/common/column_right.php
CODE: if ($route == 'information/information' && isset($this->request->get['information_id'])) {
LINE: 42

FILE: catalog/controller/common/content_bottom.php
CODE: if ($route == 'information/information' && isset($this->request->get['information_id'])) {
LINE: 42

FILE: catalog/controller/common/content_top.php
CODE: if ($route == 'information/information' && isset($this->request->get['information_id'])) {
LINE: 57

FILE: catalog/controller/startup/seo_url.php
CODE: if ($url[0] == 'information_id') {
LINE: 52
CODE: $url[0] != 'information_id'
LINE: 56
CODE: } elseif (isset($this->request->get['information_id'])) {
LINE: 79
CODE: ($data['route'] == 'information/information' && $key == 'information_id')
LINE: 97
CODE: } elseif ($key == 'path') {
LINE: 123

FILE: catalog/controller/startup/seo_pro.php
CODE: if ($url[0] == 'category_id') {
LINE: 74
CODE: if (isset($this->request->get['product_id'])) {
LINE: 99
CODE: case 'product/product':
LINE: 164
CODE: case 'product_id':
LINE: 229
CODE: private function getPathByProduct($product_id) {
LINE: 357

FILE: catalog/controller/information/sitemap.php
CODE: $this->load->model('catalog/information');
LINE: 118

FILE: catalog/view/theme/default/template/information/sitemap.tpl
CODE: <li><?php echo $text_information; ?>
LINE: 69

FILE: catalog/controller/common/header.php
CODE: $data['language'] = $this->load->controller('common/language');
LINE: 325
----------------------------------------------------------------
2017-11-11 18:43:01 - MOD: Modification Default

FILE: system/engine/action.php
REGEX: ~(require|include)(_once)?\(([^)]+)~
LINE: 41

FILE: system/engine/loader.php
REGEX: ~(require|include)(_once)?\(([^)]+)~
LINE: 49
LINE: 108
LINE: 120
LINE: 165

FILE: system/library/config.php
REGEX: ~(require|include)(_once)?\(([^)]+)~
LINE: 23

FILE: system/library/language.php
REGEX: ~(require|include)(_once)?\(([^)]+)~
LINE: 38
LINE: 40
LINE: 49
LINE: 51
LINE: 60
LINE: 62

FILE: system/library/template/php.php
REGEX: ~(require|include)(_once)?\(([^)]+)~
LINE: 18

FILE: system/library/template/tiwg.php
REGEX: ~(require|include)(_once)?\(([^)]+)~
LINE: 24
----------------------------------------------------------------
MOD: fondy_payment

FILE: catalog/controller/checkout/checkout.php
CODE: public function index() {
LINE: 11

FILE: catalog/view/theme/default/template/checkout/checkout.tpl
CODE: <h1><?php echo $heading_title; ?></h1>
LINE: 26
----------------------------------------------------------------
MOD: OcStore 2.3.x track number

FILE: admin/controller/sale/order.php
CODE: $data['shipping_method'] = $order_info['shipping_method'];
LINE: 567
LINE: 942
CODE: public function history() {
LINE: 1545

FILE: admin/model/sale/order.php
CODE: $order_query->row['order_id'],
LINE: 96

FILE: catalog/model/checkout/order.php
CODE: $order_query->row['order_id'],
LINE: 170

FILE: admin/view/template/sale/order_info.tpl
CODE: <td><?php echo $text_reward; ?></td>
LINE: 100
CODE: <?php echo $footer; ?>
LINE: 700

FILE: catalog/model/account/order.php
CODE: $order_query->row['order_id'],
LINE: 46

FILE: catalog/controller/account/order.php
CODE: if ($order_info['invoice_no']) {
LINE: 210

FILE: catalog/view/theme/default/template/account/order_info.tpl
CODE: <b><?php echo $text_shipping_method; ?></b> <?php echo $shipping_method; ?>
LINE: 49
----------------------------------------------------------------
MOD: NewsBlog - create unlimited categories with articles

FILE: admin/controller/common/column_left.php
CODE: // Catalog
LINE: 72

FILE: admin/language/ru-ru/common/column_left.php
CODE: $_['text_catalog']
LINE: 9

FILE: admin/language/en-gb/common/column_left.php
CODE: $_['text_catalog']
LINE: 9

FILE: catalog/controller/common/column_left.php
CODE: if ($route == 'information/information' && isset($this->request->get['information_id'])) {
LINE: 42

FILE: catalog/controller/common/column_right.php
CODE: if ($route == 'information/information' && isset($this->request->get['information_id'])) {
LINE: 42

FILE: catalog/controller/common/content_bottom.php
CODE: if ($route == 'information/information' && isset($this->request->get['information_id'])) {
LINE: 42

FILE: catalog/controller/common/content_top.php
CODE: if ($route == 'information/information' && isset($this->request->get['information_id'])) {
LINE: 57

FILE: catalog/controller/startup/seo_url.php
CODE: if ($url[0] == 'information_id') {
LINE: 52
CODE: $url[0] != 'information_id'
LINE: 56
CODE: } elseif (isset($this->request->get['information_id'])) {
LINE: 79
CODE: ($data['route'] == 'information/information' && $key == 'information_id')
LINE: 97
CODE: } elseif ($key == 'path') {
LINE: 123

FILE: catalog/controller/startup/seo_pro.php
CODE: if ($url[0] == 'category_id') {
LINE: 74
CODE: if (isset($this->request->get['product_id'])) {
LINE: 99
CODE: case 'product/product':
LINE: 164
CODE: case 'product_id':
LINE: 229
CODE: private function getPathByProduct($product_id) {
LINE: 357

FILE: catalog/controller/information/sitemap.php
CODE: $this->load->model('catalog/information');
LINE: 118

FILE: catalog/view/theme/default/template/information/sitemap.tpl
CODE: <li><?php echo $text_information; ?>
LINE: 69

FILE: catalog/controller/common/header.php
CODE: $data['language'] = $this->load->controller('common/language');
LINE: 325
----------------------------------------------------------------
2017-11-11 18:43:46 - MOD: Modification Default

FILE: system/engine/action.php
REGEX: ~(require|include)(_once)?\(([^)]+)~
LINE: 41

FILE: system/engine/loader.php
REGEX: ~(require|include)(_once)?\(([^)]+)~
LINE: 49
LINE: 108
LINE: 120
LINE: 165

FILE: system/library/config.php
REGEX: ~(require|include)(_once)?\(([^)]+)~
LINE: 23

FILE: system/library/language.php
REGEX: ~(require|include)(_once)?\(([^)]+)~
LINE: 38
LINE: 40
LINE: 49
LINE: 51
LINE: 60
LINE: 62

FILE: system/library/template/php.php
REGEX: ~(require|include)(_once)?\(([^)]+)~
LINE: 18

FILE: system/library/template/tiwg.php
REGEX: ~(require|include)(_once)?\(([^)]+)~
LINE: 24
----------------------------------------------------------------
MOD: fondy_payment

FILE: catalog/controller/checkout/checkout.php
CODE: public function index() {
LINE: 11

FILE: catalog/view/theme/default/template/checkout/checkout.tpl
CODE: <h1><?php echo $heading_title; ?></h1>
LINE: 26
----------------------------------------------------------------
MOD: OcStore 2.3.x track number

FILE: admin/controller/sale/order.php
CODE: $data['shipping_method'] = $order_info['shipping_method'];
LINE: 567
LINE: 942
CODE: public function history() {
LINE: 1545

FILE: admin/model/sale/order.php
CODE: $order_query->row['order_id'],
LINE: 96

FILE: catalog/model/checkout/order.php
CODE: $order_query->row['order_id'],
LINE: 170

FILE: admin/view/template/sale/order_info.tpl
CODE: <td><?php echo $text_reward; ?></td>
LINE: 100
CODE: <?php echo $footer; ?>
LINE: 700

FILE: catalog/model/account/order.php
CODE: $order_query->row['order_id'],
LINE: 46

FILE: catalog/controller/account/order.php
CODE: if ($order_info['invoice_no']) {
LINE: 210

FILE: catalog/view/theme/default/template/account/order_info.tpl
CODE: <b><?php echo $text_shipping_method; ?></b> <?php echo $shipping_method; ?>
LINE: 49
----------------------------------------------------------------
MOD: NewsBlog - create unlimited categories with articles

FILE: admin/controller/common/column_left.php
CODE: // Catalog
LINE: 72

FILE: admin/language/ru-ru/common/column_left.php
CODE: $_['text_catalog']
LINE: 9

FILE: admin/language/en-gb/common/column_left.php
CODE: $_['text_catalog']
LINE: 9

FILE: catalog/controller/common/column_left.php
CODE: if ($route == 'information/information' && isset($this->request->get['information_id'])) {
LINE: 42

FILE: catalog/controller/common/column_right.php
CODE: if ($route == 'information/information' && isset($this->request->get['information_id'])) {
LINE: 42

FILE: catalog/controller/common/content_bottom.php
CODE: if ($route == 'information/information' && isset($this->request->get['information_id'])) {
LINE: 42

FILE: catalog/controller/common/content_top.php
CODE: if ($route == 'information/information' && isset($this->request->get['information_id'])) {
LINE: 57

FILE: catalog/controller/startup/seo_url.php
CODE: if ($url[0] == 'information_id') {
LINE: 52
CODE: $url[0] != 'information_id'
LINE: 56
CODE: } elseif (isset($this->request->get['information_id'])) {
LINE: 79
CODE: ($data['route'] == 'information/information' && $key == 'information_id')
LINE: 97
CODE: } elseif ($key == 'path') {
LINE: 123

FILE: catalog/controller/startup/seo_pro.php
CODE: if ($url[0] == 'category_id') {
LINE: 74
CODE: if (isset($this->request->get['product_id'])) {
LINE: 99
CODE: case 'product/product':
LINE: 164
CODE: case 'product_id':
LINE: 229
CODE: private function getPathByProduct($product_id) {
LINE: 357

FILE: catalog/controller/information/sitemap.php
CODE: $this->load->model('catalog/information');
LINE: 118

FILE: catalog/view/theme/default/template/information/sitemap.tpl
CODE: <li><?php echo $text_information; ?>
LINE: 69

FILE: catalog/controller/common/header.php
CODE: $data['language'] = $this->load->controller('common/language');
LINE: 325
----------------------------------------------------------------
